{"/home/dzen/project2/frontend-project-lvl2/index.js": {"path":"/home/dzen/project2/frontend-project-lvl2/index.js","statementMap":{"0":{"start":{"line":8,"column":16},"end":{"line":35,"column":1}},"1":{"start":{"line":9,"column":16},"end":{"line":9,"column":42}},"2":{"start":{"line":10,"column":15},"end":{"line":10,"column":32}},"3":{"start":{"line":11,"column":16},"end":{"line":11,"column":42}},"4":{"start":{"line":12,"column":15},"end":{"line":12,"column":32}},"5":{"start":{"line":13,"column":16},"end":{"line":13,"column":33}},"6":{"start":{"line":14,"column":16},"end":{"line":14,"column":33}},"7":{"start":{"line":15,"column":18},"end":{"line":15,"column":46}},"8":{"start":{"line":16,"column":17},"end":{"line":16,"column":19}},"9":{"start":{"line":18,"column":2},"end":{"line":29,"column":3}},"10":{"start":{"line":19,"column":4},"end":{"line":28,"column":5}},"11":{"start":{"line":20,"column":6},"end":{"line":20,"column":39}},"12":{"start":{"line":21,"column":11},"end":{"line":28,"column":5}},"13":{"start":{"line":22,"column":6},"end":{"line":22,"column":39}},"14":{"start":{"line":23,"column":11},"end":{"line":28,"column":5}},"15":{"start":{"line":24,"column":6},"end":{"line":24,"column":39}},"16":{"start":{"line":25,"column":6},"end":{"line":25,"column":39}},"17":{"start":{"line":27,"column":6},"end":{"line":27,"column":39}},"18":{"start":{"line":31,"column":24},"end":{"line":31,"column":46}},"19":{"start":{"line":32,"column":26},"end":{"line":32,"column":107}},"20":{"start":{"line":32,"column":70},"end":{"line":32,"column":102}},"21":{"start":{"line":33,"column":14},"end":{"line":33,"column":38}},"22":{"start":{"line":34,"column":2},"end":{"line":34,"column":13}}},"fnMap":{"0":{"name":"(anonymous_0)","decl":{"start":{"line":8,"column":16},"end":{"line":8,"column":17}},"loc":{"start":{"line":8,"column":42},"end":{"line":35,"column":1}},"line":8},"1":{"name":"(anonymous_1)","decl":{"start":{"line":32,"column":47},"end":{"line":32,"column":48}},"loc":{"start":{"line":32,"column":70},"end":{"line":32,"column":102}},"line":32}},"branchMap":{"0":{"loc":{"start":{"line":19,"column":4},"end":{"line":28,"column":5}},"type":"if","locations":[{"start":{"line":19,"column":4},"end":{"line":28,"column":5}},{"start":{"line":19,"column":4},"end":{"line":28,"column":5}}],"line":19},"1":{"loc":{"start":{"line":21,"column":11},"end":{"line":28,"column":5}},"type":"if","locations":[{"start":{"line":21,"column":11},"end":{"line":28,"column":5}},{"start":{"line":21,"column":11},"end":{"line":28,"column":5}}],"line":21},"2":{"loc":{"start":{"line":23,"column":11},"end":{"line":28,"column":5}},"type":"if","locations":[{"start":{"line":23,"column":11},"end":{"line":28,"column":5}},{"start":{"line":23,"column":11},"end":{"line":28,"column":5}}],"line":23}},"s":{"0":1,"1":1,"2":1,"3":1,"4":1,"5":1,"6":1,"7":1,"8":1,"9":1,"10":5,"11":1,"12":4,"13":2,"14":2,"15":1,"16":1,"17":1,"18":1,"19":1,"20":6,"21":1,"22":1},"f":{"0":1,"1":6},"b":{"0":[1,4],"1":[2,2],"2":[1,1]},"inputSourceMap":null,"_coverageSchema":"1a1c01bbd47fc00a2c39e90264f33305004495a9","hash":"4ad5920bdb19fd910e986c889eb7369d38c655f1"}
}
